Running: F:\Xilinx\14.7\ISE_DS\ISE\bin\nt\unwrapped\fuse.exe -intstyle ise -incremental -lib unisims_ver -lib unimacro_ver -lib xilinxcorelib_ver -lib secureip -o C:/Users/_/Desktop/VERILOG LAB/binary_to_grey/bin_to_grey_TB_isim_beh.exe -prj C:/Users/_/Desktop/VERILOG LAB/binary_to_grey/bin_to_grey_TB_beh.prj work.bin_to_grey_TB work.glbl 
ISim P.20131013 (signature 0x8ef4fb42)
Number of CPUs detected in this system: 8
Turning on mult-threading, number of parallel sub-compilation jobs: 16 
Determining compilation order of HDL files
Analyzing Verilog file "C:/Users/_/Desktop/VERILOG LAB/binary_to_grey/bin_to_grey.v" into library work
Analyzing Verilog file "C:/Users/_/Desktop/VERILOG LAB/binary_to_grey/bin_to_grey_TB.v" into library work
Analyzing Verilog file "F:/Xilinx/14.7/ISE_DS/ISE//verilog/src/glbl.v" into library work
Starting static elaboration
Completed static elaboration
Fuse Memory Usage: 159944 KB
Fuse CPU Usage: 296 ms
Compiling module bin_to_grey
Compiling module bin_to_grey_TB
Compiling module glbl
Time Resolution for simulation is 1ps.
Compiled 3 Verilog Units
Built simulation executable C:/Users/_/Desktop/VERILOG LAB/binary_to_grey/bin_to_grey_TB_isim_beh.exe
Fuse Memory Usage: 167468 KB
Fuse CPU Usage: 311 ms
